0 info it worked if it ends with ok
1 verbose cli [ '/Users/xljoha/.nvm/versions/node/v0.12.18/bin/node',
1 verbose cli   '/Users/xljoha/.nvm/versions/node/v0.12.18/bin/npm',
1 verbose cli   'install' ]
2 info using npm@2.15.11
3 info using node@v0.12.18
4 verbose readDependencies loading dependencies from /Users/xljoha/Projects/bestall/package.json
5 error install Couldn't read dependencies
6 verbose stack Error: ENOENT, open '/Users/xljoha/Projects/bestall/package.json'
6 verbose stack     at Error (native)
7 verbose cwd /Users/xljoha/Projects/bestall
8 error Darwin 16.7.0
9 error argv "/Users/xljoha/.nvm/versions/node/v0.12.18/bin/node" "/Users/xljoha/.nvm/versions/node/v0.12.18/bin/npm" "install"
10 error node v0.12.18
11 error npm  v2.15.11
12 error path /Users/xljoha/Projects/bestall/package.json
13 error code ENOPACKAGEJSON
14 error errno -2
15 error package.json ENOENT, open '/Users/xljoha/Projects/bestall/package.json'
15 error package.json This is most likely not a problem with npm itself.
15 error package.json npm can't find a package.json file in your current directory.
16 verbose exit [ -2, true ]
